# JRE version: OpenJDK Runtime Environment Temurin-17.0.6+10 (17.0.6+10) (build 17.0.6+10)
# Java VM: OpenJDK 64-Bit Server VM Temurin-17.0.6+10 (17.0.6+10, mixed mode, emulated-client, tiered, compressed oops, compressed class ptrs, g1 gc, windows-amd64)
GC Precious Log:
 CPUs: 12 total, 12 available
 Memory: 15663M
 Large Page Support: Disabled
 NUMA Support: Disabled
 Compressed Oops: Enabled (32-bit)
 Heap Region Size: 1M
 Heap Min Capacity: 8M
 Heap Initial Capacity: 246M
 Heap Max Capacity: 1G
 Pre-touch: Disabled
 Parallel Workers: 10
 Concurrent Workers: 3
 Concurrent Refinement Workers: 10
 Periodic GC: Disabled
Heap:
 garbage-first heap   total 560128K, used 467303K [0x00000000c0000000, 0x0000000100000000)
  region size 1024K, 291 young (297984K), 26 survivors (26624K)
 Metaspace       used 51229K, committed 51712K, reserved 1097728K
  class space    used 6427K, committed 6656K, reserved 1048576K
GC Heap History (20 events):
Event: 7.657 GC heap after
{Heap after GC invocations=24 (full 0):
 garbage-first heap   total 233472K, used 81676K [0x00000000c0000000, 0x0000000100000000)
  region size 1024K, 5 young (5120K), 5 survivors (5120K)
 Metaspace       used 40068K, committed 40512K, reserved 1089536K
  class space    used 5130K, committed 5312K, reserved 1048576K
}
Event: 7.668 GC heap before
{Heap before GC invocations=24 (full 0):
 garbage-first heap   total 233472K, used 165644K [0x00000000c0000000, 0x0000000100000000)
  region size 1024K, 88 young (90112K), 5 survivors (5120K)
 Metaspace       used 40153K, committed 40576K, reserved 1089536K
  class space    used 5146K, committed 5312K, reserved 1048576K
}
Event: 7.671 GC heap after
{Heap after GC invocations=25 (full 0):
 garbage-first heap   total 233472K, used 85461K [0x00000000c0000000, 0x0000000100000000)
  region size 1024K, 8 young (8192K), 8 survivors (8192K)
 Metaspace       used 40153K, committed 40576K, reserved 1089536K
  class space    used 5146K, committed 5312K, reserved 1048576K
}
Event: 7.681 GC heap before
{Heap before GC invocations=25 (full 0):
 garbage-first heap   total 233472K, used 172501K [0x00000000c0000000, 0x0000000100000000)
  region size 1024K, 94 young (96256K), 8 survivors (8192K)
 Metaspace       used 40176K, committed 40576K, reserved 1089536K
  class space    used 5149K, committed 5312K, reserved 1048576K
}
Event: 7.686 GC heap after
{Heap after GC invocations=26 (full 0):
 garbage-first heap   total 560128K, used 88643K [0x00000000c0000000, 0x0000000100000000)
  region size 1024K, 7 young (7168K), 7 survivors (7168K)
 Metaspace       used 40176K, committed 40576K, reserved 1089536K
  class space    used 5149K, committed 5312K, reserved 1048576K
}
Event: 7.759 GC heap before
{Heap before GC invocations=26 (full 0):
 garbage-first heap   total 560128K, used 409155K [0x00000000c0000000, 0x0000000100000000)
  region size 1024K, 321 young (328704K), 7 survivors (7168K)
 Metaspace       used 41043K, committed 41472K, reserved 1089536K
  class space    used 5186K, committed 5376K, reserved 1048576K
}
Event: 7.765 GC heap after
{Heap after GC invocations=27 (full 0):
 garbage-first heap   total 560128K, used 101697K [0x00000000c0000000, 0x0000000100000000)
  region size 1024K, 20 young (20480K), 20 survivors (20480K)
 Metaspace       used 41043K, committed 41472K, reserved 1089536K
  class space    used 5186K, committed 5376K, reserved 1048576K
}
Event: 7.813 GC heap before
{Heap before GC invocations=27 (full 0):
 garbage-first heap   total 560128K, used 416065K [0x00000000c0000000, 0x0000000100000000)
  region size 1024K, 328 young (335872K), 20 survivors (20480K)
 Metaspace       used 41630K, committed 42048K, reserved 1089536K
  class space    used 5224K, committed 5376K, reserved 1048576K
}
Event: 7.820 GC heap after
{Heap after GC invocations=28 (full 0):
 garbage-first heap   total 560128K, used 114243K [0x00000000c0000000, 0x0000000100000000)
  region size 1024K, 32 young (32768K), 32 survivors (32768K)
 Metaspace       used 41630K, committed 42048K, reserved 1089536K
  class space    used 5224K, committed 5376K, reserved 1048576K
}
Event: 7.867 GC heap before
{Heap before GC invocations=28 (full 0):
 garbage-first heap   total 560128K, used 416323K [0x00000000c0000000, 0x0000000100000000)
  region size 1024K, 328 young (335872K), 32 survivors (32768K)
 Metaspace       used 42318K, committed 42752K, reserved 1089536K
  class space    used 5300K, committed 5504K, reserved 1048576K
}
Event: 7.876 GC heap after
{Heap after GC invocations=29 (full 0):
 garbage-first heap   total 560128K, used 127763K [0x00000000c0000000, 0x0000000100000000)
  region size 1024K, 26 young (26624K), 26 survivors (26624K)
 Metaspace       used 42318K, committed 42752K, reserved 1089536K
  class space    used 5300K, committed 5504K, reserved 1048576K
}
Event: 8.140 GC heap before
{Heap before GC invocations=29 (full 0):
 garbage-first heap   total 560128K, used 435987K [0x00000000c0000000, 0x0000000100000000)
  region size 1024K, 328 young (335872K), 26 survivors (26624K)
 Metaspace       used 44587K, committed 45056K, reserved 1089536K
  class space    used 5579K, committed 5824K, reserved 1048576K
}
Event: 8.149 GC heap after
{Heap after GC invocations=30 (full 0):
 garbage-first heap   total 560128K, used 149668K [0x00000000c0000000, 0x0000000100000000)
  region size 1024K, 35 young (35840K), 35 survivors (35840K)
 Metaspace       used 44587K, committed 45056K, reserved 1089536K
  class space    used 5579K, committed 5824K, reserved 1048576K
}
Event: 8.367 GC heap before
{Heap before GC invocations=30 (full 0):
 garbage-first heap   total 560128K, used 449700K [0x00000000c0000000, 0x0000000100000000)
  region size 1024K, 328 young (335872K), 35 survivors (35840K)
 Metaspace       used 49978K, committed 50368K, reserved 1097728K
  class space    used 6230K, committed 6400K, reserved 1048576K
}
Event: 8.378 GC heap after
{Heap after GC invocations=31 (full 0):
 garbage-first heap   total 560128K, used 167771K [0x00000000c0000000, 0x0000000100000000)
  region size 1024K, 38 young (38912K), 38 survivors (38912K)
 Metaspace       used 49978K, committed 50368K, reserved 1097728K
  class space    used 6230K, committed 6400K, reserved 1048576K
}
Event: 8.585 GC heap before
{Heap before GC invocations=31 (full 0):
 garbage-first heap   total 560128K, used 459611K [0x00000000c0000000, 0x0000000100000000)
  region size 1024K, 324 young (331776K), 38 survivors (38912K)
 Metaspace       used 50200K, committed 50688K, reserved 1097728K
  class space    used 6264K, committed 6528K, reserved 1048576K
}
Event: 8.596 GC heap after
{Heap after GC invocations=32 (full 0):
 garbage-first heap   total 560128K, used 182226K [0x00000000c0000000, 0x0000000100000000)
  region size 1024K, 31 young (31744K), 31 survivors (31744K)
 Metaspace       used 50200K, committed 50688K, reserved 1097728K
  class space    used 6264K, committed 6528K, reserved 1048576K
}
Event: 8.760 GC heap before
{Heap before GC invocations=32 (full 0):
 garbage-first heap   total 560128K, used 481234K [0x00000000c0000000, 0x0000000100000000)
  region size 1024K, 306 young (313344K), 31 survivors (31744K)
 Metaspace       used 50291K, committed 50752K, reserved 1097728K
  class space    used 6276K, committed 6528K, reserved 1048576K
}
Event: 8.770 GC heap after
{Heap after GC invocations=33 (full 0):
 garbage-first heap   total 560128K, used 195943K [0x00000000c0000000, 0x0000000100000000)
  region size 1024K, 27 young (27648K), 27 survivors (27648K)
 Metaspace       used 50291K, committed 50752K, reserved 1097728K
  class space    used 6276K, committed 6528K, reserved 1048576K
}
Event: 8.931 GC heap before
{Heap before GC invocations=33 (full 0):
 garbage-first heap   total 560128K, used 466279K [0x00000000c0000000, 0x0000000100000000)
  region size 1024K, 292 young (299008K), 27 survivors (27648K)
 Metaspace       used 51229K, committed 51712K, reserved 1097728K
  class space    used 6427K, committed 6656K, reserved 1048576K
}

